Analysis & Synthesis report for ProjetoSD
Sat Nov 03 00:18:37 2018
Quartus II Version 9.1 Build 304 01/25/2010 Service Pack 1 SJ Web Edition


---------------------
; Table of Contents ;
---------------------
  1. Legal Notice
  2. Analysis & Synthesis Summary
  3. Analysis & Synthesis Settings
  4. Parallel Compilation
  5. Analysis & Synthesis Source Files Read
  6. Analysis & Synthesis Resource Usage Summary
  7. Analysis & Synthesis Resource Utilization by Entity
  8. General Register Statistics
  9. Analysis & Synthesis Messages



----------------
; Legal Notice ;
----------------
Copyright (C) 1991-2010 Altera Corporation
Your use of Altera Corporation's design tools, logic functions 
and other software and tools, and its AMPP partner logic 
functions, and any output files from any of the foregoing 
(including device programming or simulation files), and any 
associated documentation or information are expressly subject 
to the terms and conditions of the Altera Program License 
Subscription Agreement, Altera MegaCore Function License 
Agreement, or other applicable license agreement, including, 
without limitation, that your use is for the sole purpose of 
programming logic devices manufactured by Altera and sold by 
Altera or its authorized distributors.  Please refer to the 
applicable agreement for further details.



+------------------------------------------------------------------------------+
; Analysis & Synthesis Summary                                                 ;
+-------------------------------+----------------------------------------------+
; Analysis & Synthesis Status   ; Successful - Sat Nov 03 00:18:37 2018        ;
; Quartus II Version            ; 9.1 Build 304 01/25/2010 SP 1 SJ Web Edition ;
; Revision Name                 ; ProjetoSD                                    ;
; Top-level Entity Name         ; ULA                                          ;
; Family                        ; Stratix II                                   ;
; Logic utilization             ; N/A                                          ;
;     Combinational ALUTs       ; 31                                           ;
;     Dedicated logic registers ; 0                                            ;
; Total registers               ; 0                                            ;
; Total pins                    ; 20                                           ;
; Total virtual pins            ; 0                                            ;
; Total block memory bits       ; 0                                            ;
; DSP block 9-bit elements      ; 0                                            ;
; Total PLLs                    ; 0                                            ;
; Total DLLs                    ; 0                                            ;
+-------------------------------+----------------------------------------------+


+----------------------------------------------------------------------------------------------------------------------+
; Analysis & Synthesis Settings                                                                                        ;
+----------------------------------------------------------------------------+--------------------+--------------------+
; Option                                                                     ; Setting            ; Default Value      ;
+----------------------------------------------------------------------------+--------------------+--------------------+
; Top-level entity name                                                      ; ULA                ; ProjetoSD          ;
; Family name                                                                ; Stratix II         ; Stratix II         ;
; Type of Retiming Performed During Resynthesis                              ; Full               ;                    ;
; Resynthesis Optimization Effort                                            ; Normal             ;                    ;
; Physical Synthesis Level for Resynthesis                                   ; Normal             ;                    ;
; Use Generated Physical Constraints File                                    ; Off                ;                    ;
; Use smart compilation                                                      ; Off                ; Off                ;
; Enable parallel Assembler and TimeQuest Timing Analyzer during compilation ; On                 ; On                 ;
; Enable compact report table                                                ; Off                ; Off                ;
; Restructure Multiplexers                                                   ; Auto               ; Auto               ;
; Create Debugging Nodes for IP Cores                                        ; Off                ; Off                ;
; Preserve fewer node names                                                  ; On                 ; On                 ;
; Disable OpenCore Plus hardware evaluation                                  ; Off                ; Off                ;
; Verilog Version                                                            ; Verilog_2001       ; Verilog_2001       ;
; VHDL Version                                                               ; VHDL_1993          ; VHDL_1993          ;
; State Machine Processing                                                   ; Auto               ; Auto               ;
; Safe State Machine                                                         ; Off                ; Off                ;
; Extract Verilog State Machines                                             ; On                 ; On                 ;
; Extract VHDL State Machines                                                ; On                 ; On                 ;
; Ignore Verilog initial constructs                                          ; Off                ; Off                ;
; Iteration limit for constant Verilog loops                                 ; 5000               ; 5000               ;
; Iteration limit for non-constant Verilog loops                             ; 250                ; 250                ;
; Add Pass-Through Logic to Inferred RAMs                                    ; On                 ; On                 ;
; Parallel Synthesis                                                         ; On                 ; On                 ;
; DSP Block Balancing                                                        ; Auto               ; Auto               ;
; NOT Gate Push-Back                                                         ; On                 ; On                 ;
; Power-Up Don't Care                                                        ; On                 ; On                 ;
; Remove Redundant Logic Cells                                               ; Off                ; Off                ;
; Remove Duplicate Registers                                                 ; On                 ; On                 ;
; Ignore CARRY Buffers                                                       ; Off                ; Off                ;
; Ignore CASCADE Buffers                                                     ; Off                ; Off                ;
; Ignore GLOBAL Buffers                                                      ; Off                ; Off                ;
; Ignore ROW GLOBAL Buffers                                                  ; Off                ; Off                ;
; Ignore LCELL Buffers                                                       ; Off                ; Off                ;
; Ignore SOFT Buffers                                                        ; On                 ; On                 ;
; Limit AHDL Integers to 32 Bits                                             ; Off                ; Off                ;
; Optimization Technique                                                     ; Balanced           ; Balanced           ;
; Carry Chain Length                                                         ; 70                 ; 70                 ;
; Auto Carry Chains                                                          ; On                 ; On                 ;
; Auto Open-Drain Pins                                                       ; On                 ; On                 ;
; Perform WYSIWYG Primitive Resynthesis                                      ; Off                ; Off                ;
; Auto ROM Replacement                                                       ; On                 ; On                 ;
; Auto RAM Replacement                                                       ; On                 ; On                 ;
; Auto DSP Block Replacement                                                 ; On                 ; On                 ;
; Auto Shift Register Replacement                                            ; Auto               ; Auto               ;
; Auto Clock Enable Replacement                                              ; On                 ; On                 ;
; Strict RAM Replacement                                                     ; Off                ; Off                ;
; Allow Synchronous Control Signals                                          ; On                 ; On                 ;
; Force Use of Synchronous Clear Signals                                     ; Off                ; Off                ;
; Auto RAM Block Balancing                                                   ; On                 ; On                 ;
; Auto RAM to Logic Cell Conversion                                          ; Off                ; Off                ;
; Auto Resource Sharing                                                      ; Off                ; Off                ;
; Allow Any RAM Size For Recognition                                         ; Off                ; Off                ;
; Allow Any ROM Size For Recognition                                         ; Off                ; Off                ;
; Allow Any Shift Register Size For Recognition                              ; Off                ; Off                ;
; Use LogicLock Constraints during Resource Balancing                        ; On                 ; On                 ;
; Ignore translate_off and synthesis_off directives                          ; Off                ; Off                ;
; Timing-Driven Synthesis                                                    ; Off                ; Off                ;
; Show Parameter Settings Tables in Synthesis Report                         ; On                 ; On                 ;
; Ignore Maximum Fan-Out Assignments                                         ; Off                ; Off                ;
; Synchronization Register Chain Length                                      ; 2                  ; 2                  ;
; PowerPlay Power Optimization                                               ; Normal compilation ; Normal compilation ;
; HDL message level                                                          ; Level2             ; Level2             ;
; Suppress Register Optimization Related Messages                            ; Off                ; Off                ;
; Number of Removed Registers Reported in Synthesis Report                   ; 5000               ; 5000               ;
; Number of Inverted Registers Reported in Synthesis Report                  ; 100                ; 100                ;
; Clock MUX Protection                                                       ; On                 ; On                 ;
; Auto Gated Clock Conversion                                                ; Off                ; Off                ;
; Block Design Naming                                                        ; Auto               ; Auto               ;
; SDC constraint protection                                                  ; Off                ; Off                ;
; Synthesis Effort                                                           ; Auto               ; Auto               ;
; Shift Register Replacement - Allow Asynchronous Clear Signal               ; On                 ; On                 ;
; Analysis & Synthesis Message Level                                         ; Medium             ; Medium             ;
; Disable Register Merging Across Hierarchies                                ; Auto               ; Auto               ;
; Resource Aware Inference For Block RAM                                     ; On                 ; On                 ;
+----------------------------------------------------------------------------+--------------------+--------------------+


Parallel compilation was disabled, but you have multiple processors available. Enable parallel compilation to reduce compilation time.
+-------------------------------------+
; Parallel Compilation                ;
+----------------------------+--------+
; Processors                 ; Number ;
+----------------------------+--------+
; Number detected on machine ; 2      ;
; Maximum allowed            ; 1      ;
+----------------------------+--------+


+------------------------------------------------------------------------------------------------------------------------------------------------------+
; Analysis & Synthesis Source Files Read                                                                                                               ;
+----------------------------------+-----------------+------------------------------------+------------------------------------------------------------+
; File Name with User-Entered Path ; Used in Netlist ; File Type                          ; File Name with Absolute Path                               ;
+----------------------------------+-----------------+------------------------------------+------------------------------------------------------------+
; ComparadorMaiorQVetor.bdf        ; yes             ; User Block Diagram/Schematic File  ; C:/Users/nicol/Desktop/ProjetoSD/ComparadorMaiorQVetor.bdf ;
; ComparadorMenorQVetor.bdf        ; yes             ; User Block Diagram/Schematic File  ; C:/Users/nicol/Desktop/ProjetoSD/ComparadorMenorQVetor.bdf ;
; Igualdade1Bit.bdf                ; yes             ; User Block Diagram/Schematic File  ; C:/Users/nicol/Desktop/ProjetoSD/Igualdade1Bit.bdf         ;
; Igualdade4Bits.bdf               ; yes             ; User Block Diagram/Schematic File  ; C:/Users/nicol/Desktop/ProjetoSD/Igualdade4Bits.bdf        ;
; MaiorQ1bit.bdf                   ; yes             ; User Block Diagram/Schematic File  ; C:/Users/nicol/Desktop/ProjetoSD/MaiorQ1bit.bdf            ;
; MaiorQSignificativo.bdf          ; yes             ; User Block Diagram/Schematic File  ; C:/Users/nicol/Desktop/ProjetoSD/MaiorQSignificativo.bdf   ;
; ComparadorAnd.bdf                ; yes             ; User Block Diagram/Schematic File  ; C:/Users/nicol/Desktop/ProjetoSD/ComparadorAnd.bdf         ;
; ComparadorXor.bdf                ; yes             ; User Block Diagram/Schematic File  ; C:/Users/nicol/Desktop/ProjetoSD/ComparadorXor.bdf         ;
; Complemento.bdf                  ; yes             ; User Block Diagram/Schematic File  ; C:/Users/nicol/Desktop/ProjetoSD/Complemento.bdf           ;
; FullAdder.bdf                    ; yes             ; User Block Diagram/Schematic File  ; C:/Users/nicol/Desktop/ProjetoSD/FullAdder.bdf             ;
; Somador.bdf                      ; yes             ; User Block Diagram/Schematic File  ; C:/Users/nicol/Desktop/ProjetoSD/Somador.bdf               ;
; Subtrador.bdf                    ; yes             ; User Block Diagram/Schematic File  ; C:/Users/nicol/Desktop/ProjetoSD/Subtrador.bdf             ;
; Mux.bdf                          ; yes             ; User Block Diagram/Schematic File  ; C:/Users/nicol/Desktop/ProjetoSD/Mux.bdf                   ;
; Mux4.bdf                         ; yes             ; User Block Diagram/Schematic File  ; C:/Users/nicol/Desktop/ProjetoSD/Mux4.bdf                  ;
; Display-8a7.bdf                  ; yes             ; User Block Diagram/Schematic File  ; C:/Users/nicol/Desktop/ProjetoSD/Display-8a7.bdf           ;
; ULA.bdf                          ; yes             ; User Block Diagram/Schematic File  ; C:/Users/nicol/Desktop/ProjetoSD/ULA.bdf                   ;
+----------------------------------+-----------------+------------------------------------+------------------------------------------------------------+


+-------------------------------------------------------------+
; Analysis & Synthesis Resource Usage Summary                 ;
+-----------------------------------------------+-------------+
; Resource                                      ; Usage       ;
+-----------------------------------------------+-------------+
; Estimated ALUTs Used                          ; 31          ;
; Dedicated logic registers                     ; 0           ;
;                                               ;             ;
; Estimated ALUTs Unavailable                   ; 10          ;
;                                               ;             ;
; Total combinational functions                 ; 31          ;
; Combinational ALUT usage by number of inputs  ;             ;
;     -- 7 input functions                      ; 0           ;
;     -- 6 input functions                      ; 10          ;
;     -- 5 input functions                      ; 8           ;
;     -- 4 input functions                      ; 7           ;
;     -- <=3 input functions                    ; 6           ;
;                                               ;             ;
; Combinational ALUTs by mode                   ;             ;
;     -- normal mode                            ; 31          ;
;     -- extended LUT mode                      ; 0           ;
;     -- arithmetic mode                        ; 0           ;
;     -- shared arithmetic mode                 ; 0           ;
;                                               ;             ;
; Estimated ALUT/register pairs used            ; 41          ;
;                                               ;             ;
; Total registers                               ; 0           ;
;     -- Dedicated logic registers              ; 0           ;
;     -- I/O registers                          ; 0           ;
;                                               ;             ;
; Estimated ALMs:  partially or completely used ; 21          ;
;                                               ;             ;
; I/O pins                                      ; 20          ;
; Maximum fan-out node                          ; EntradaB[1] ;
; Maximum fan-out                               ; 10          ;
; Total fan-out                                 ; 153         ;
; Average fan-out                               ; 3.00        ;
+-----------------------------------------------+-------------+


+------------------------------------------------------------------------------------------------------------------------------------------------------------------------------------------------------------------------------+
; Analysis & Synthesis Resource Utilization by Entity                                                                                                                                                                          ;
+----------------------------+-------------------+--------------+-------------------+--------------+---------+-----------+-----------+------+--------------+----------------------------------------------------+--------------+
; Compilation Hierarchy Node ; LC Combinationals ; LC Registers ; Block Memory Bits ; DSP Elements ; DSP 9x9 ; DSP 18x18 ; DSP 36x36 ; Pins ; Virtual Pins ; Full Hierarchy Name                                ; Library Name ;
+----------------------------+-------------------+--------------+-------------------+--------------+---------+-----------+-----------+------+--------------+----------------------------------------------------+--------------+
; |ULA                       ; 31 (0)            ; 0 (0)        ; 0                 ; 0            ; 0       ; 0         ; 0         ; 20   ; 0            ; |ULA                                               ; work         ;
;    |Display-8a7:inst7|     ; 7 (7)             ; 0 (0)        ; 0                 ; 0            ; 0       ; 0         ; 0         ; 0    ; 0            ; |ULA|Display-8a7:inst7                             ; work         ;
;    |Mux4:inst5|            ; 13 (13)           ; 0 (0)        ; 0                 ; 0            ; 0       ; 0         ; 0         ; 0    ; 0            ; |ULA|Mux4:inst5                                    ; work         ;
;    |Mux:inst11|            ; 5 (5)             ; 0 (0)        ; 0                 ; 0            ; 0       ; 0         ; 0         ; 0    ; 0            ; |ULA|Mux:inst11                                    ; work         ;
;    |Mux:inst6|             ; 3 (3)             ; 0 (0)        ; 0                 ; 0            ; 0       ; 0         ; 0         ; 0    ; 0            ; |ULA|Mux:inst6                                     ;              ;
;    |Somador:inst|          ; 1 (0)             ; 0 (0)        ; 0                 ; 0            ; 0       ; 0         ; 0         ; 0    ; 0            ; |ULA|Somador:inst                                  ; work         ;
;       |FullAdder:inst4|    ; 1 (1)             ; 0 (0)        ; 0                 ; 0            ; 0       ; 0         ; 0         ; 0    ; 0            ; |ULA|Somador:inst|FullAdder:inst4                  ; work         ;
;    |Subtrador:inst1|       ; 2 (0)             ; 0 (0)        ; 0                 ; 0            ; 0       ; 0         ; 0         ; 0    ; 0            ; |ULA|Subtrador:inst1                               ; work         ;
;       |Somador:inst1|      ; 2 (0)             ; 0 (0)        ; 0                 ; 0            ; 0       ; 0         ; 0         ; 0    ; 0            ; |ULA|Subtrador:inst1|Somador:inst1                 ; work         ;
;          |FullAdder:inst4| ; 1 (1)             ; 0 (0)        ; 0                 ; 0            ; 0       ; 0         ; 0         ; 0    ; 0            ; |ULA|Subtrador:inst1|Somador:inst1|FullAdder:inst4 ; work         ;
;          |FullAdder:inst5| ; 1 (1)             ; 0 (0)        ; 0                 ; 0            ; 0       ; 0         ; 0         ; 0    ; 0            ; |ULA|Subtrador:inst1|Somador:inst1|FullAdder:inst5 ; work         ;
+----------------------------+-------------------+--------------+-------------------+--------------+---------+-----------+-----------+------+--------------+----------------------------------------------------+--------------+
Note: For table entries with two numbers listed, the numbers in parentheses indicate the number of resources of the given type used by the specific entity alone. The numbers listed outside of parentheses indicate the total resources of the given type used by the specific entity and all of its sub-entities in the hierarchy.


+------------------------------------------------------+
; General Register Statistics                          ;
+----------------------------------------------+-------+
; Statistic                                    ; Value ;
+----------------------------------------------+-------+
; Total registers                              ; 0     ;
; Number of registers using Synchronous Clear  ; 0     ;
; Number of registers using Synchronous Load   ; 0     ;
; Number of registers using Asynchronous Clear ; 0     ;
; Number of registers using Asynchronous Load  ; 0     ;
; Number of registers using Clock Enable       ; 0     ;
; Number of registers using Preset             ; 0     ;
+----------------------------------------------+-------+


+-------------------------------+
; Analysis & Synthesis Messages ;
+-------------------------------+
Info: *******************************************************************
Info: Running Quartus II Analysis & Synthesis
    Info: Version 9.1 Build 304 01/25/2010 Service Pack 1 SJ Web Edition
    Info: Processing started: Sat Nov 03 00:18:32 2018
Info: Command: quartus_map --read_settings_files=on --write_settings_files=off ProjetoSD -c ProjetoSD
Info: Found 1 design units, including 1 entities, in source file comparadormaiorqvetor.bdf
    Info: Found entity 1: ComparadorMaiorQVetor
Info: Found 1 design units, including 1 entities, in source file comparadormenorqvetor.bdf
    Info: Found entity 1: ComparadorMenorQVetor
Info: Found 1 design units, including 1 entities, in source file igualdade1bit.bdf
    Info: Found entity 1: Igualdade1Bit
Info: Found 1 design units, including 1 entities, in source file igualdade4bits.bdf
    Info: Found entity 1: Igualdade4Bits
Info: Found 1 design units, including 1 entities, in source file maiorq1bit.bdf
    Info: Found entity 1: MaiorQ1bit
Info: Found 1 design units, including 1 entities, in source file maiorqsignificativo.bdf
    Info: Found entity 1: MaiorQSignificativo
Info: Found 1 design units, including 1 entities, in source file comparadorand.bdf
    Info: Found entity 1: ComparadorAnd
Info: Found 1 design units, including 1 entities, in source file comparadorxor.bdf
    Info: Found entity 1: ComparadorXor
Info: Found 1 design units, including 1 entities, in source file complemento.bdf
    Info: Found entity 1: Complemento
Warning: Can't analyze file -- file TesteBlock.bdf is missing
Info: Found 1 design units, including 1 entities, in source file fulladder.bdf
    Info: Found entity 1: FullAdder
Info: Found 1 design units, including 1 entities, in source file somador.bdf
    Info: Found entity 1: Somador
Info: Found 1 design units, including 1 entities, in source file subtrador.bdf
    Info: Found entity 1: Subtrador
Warning: Entity "Mux" obtained from "C:/Users/nicol/Desktop/ProjetoSD/Mux.bdf" instead of from Quartus II megafunction library
Info: Found 1 design units, including 1 entities, in source file mux.bdf
    Info: Found entity 1: Mux
Info: Found 1 design units, including 1 entities, in source file mux4.bdf
    Info: Found entity 1: Mux4
Info: Found 1 design units, including 1 entities, in source file somadorbcd.bdf
    Info: Found entity 1: SomadorBCD
Info: Found 1 design units, including 1 entities, in source file display0a9.bdf
    Info: Found entity 1: Display0a9
Info: Found 1 design units, including 1 entities, in source file display-8a7.bdf
    Info: Found entity 1: Display-8a7
Info: Found 1 design units, including 1 entities, in source file display0a1.bdf
    Info: Found entity 1: Display0a1
Info: Found 1 design units, including 1 entities, in source file displaysinal.bdf
    Info: Found entity 1: DisplaySinal
Info: Found 1 design units, including 1 entities, in source file projetosd.bdf
    Info: Found entity 1: ProjetoSD
Info: Found 1 design units, including 1 entities, in source file ula.bdf
    Info: Found entity 1: ULA
Info: Found 1 design units, including 1 entities, in source file somadorbcdcomdisplay.bdf
    Info: Found entity 1: SomadorBCDComDisplay
Info: Elaborating entity "ULA" for the top level hierarchy
Info: Elaborating entity "Mux" for hierarchy "Mux:inst6"
Info: Elaborating entity "Somador" for hierarchy "Somador:inst"
Info: Elaborating entity "FullAdder" for hierarchy "Somador:inst|FullAdder:inst4"
Info: Elaborating entity "Subtrador" for hierarchy "Subtrador:inst1"
Info: Elaborating entity "Complemento" for hierarchy "Subtrador:inst1|Complemento:inst"
Info: Elaborating entity "ComparadorMaiorQVetor" for hierarchy "ComparadorMaiorQVetor:inst8"
Info: Elaborating entity "MaiorQSignificativo" for hierarchy "ComparadorMaiorQVetor:inst8|MaiorQSignificativo:inst1"
Info: Elaborating entity "MaiorQ1bit" for hierarchy "ComparadorMaiorQVetor:inst8|MaiorQ1bit:inst2"
Info: Elaborating entity "ComparadorMenorQVetor" for hierarchy "ComparadorMenorQVetor:inst9"
Info: Elaborating entity "Igualdade4Bits" for hierarchy "Igualdade4Bits:inst10"
Info: Elaborating entity "Igualdade1Bit" for hierarchy "Igualdade4Bits:inst10|Igualdade1Bit:inst2"
Info: Elaborating entity "Display-8a7" for hierarchy "Display-8a7:inst7"
Info: Elaborating entity "Mux4" for hierarchy "Mux4:inst5"
Info: Elaborating entity "ComparadorXor" for hierarchy "ComparadorXor:inst4"
Info: Elaborating entity "ComparadorAnd" for hierarchy "ComparadorAnd:inst3"
Warning: Ignored assignments for entity "ProjetoSD" -- entity does not exist in design
    Warning: Assignment for entity set_global_assignment -name LL_ROOT_REGION ON -entity ProjetoSD -section_id "Root Region" was ignored
    Warning: Assignment for entity set_global_assignment -name LL_MEMBER_STATE LOCKED -entity ProjetoSD -section_id "Root Region" was ignored
Info: Implemented 51 device resources after synthesis - the final resource count might be different
    Info: Implemented 11 input pins
    Info: Implemented 9 output pins
    Info: Implemented 31 logic cells
Info: Quartus II Analysis & Synthesis was successful. 0 errors, 5 warnings
    Info: Peak virtual memory: 245 megabytes
    Info: Processing ended: Sat Nov 03 00:18:37 2018
    Info: Elapsed time: 00:00:05
    Info: Total CPU time (on all processors): 00:00:06


